Script handler ready. Waiting for a while to ensure all other mods are done messing with NEI.
Starting NEI Filter scripting. This might take a moment to load all the modules...
Engine: JAVASCRIPT
Setting up Java Library...
Setting up FML Library...
Setting up NEI Library...
Setting up CreativeTab library...
Found creative tab: archimedesTab
Found creative tab: Automagy
Found creative tab: tools
Found creative tab: decorations
Found creative tab: materials
Found creative tab: apiculture
Found creative tab: buildingBlocks
Found creative tab: tabBiomesOPlenty
Found creative tab: Botany
Found creative tab: CCLights2
Found creative tab: ComputerCraft
Found creative tab: CarpentersBlocks
Found creative tab: misc
Found creative tab: compactmachines
Found creative tab: blocksAndItems
Found creative tab: food
Found creative tab: toolsAndWeapons
Found creative tab: EnderIO
Found creative tab: arboriculture
Found creative tab: lepidopterology
Found creative tab: extraUtil
Found creative tab: combat
Found creative tab: extraUtil_FMP
Found creative tab: forbidden
Found creative tab: mobcrystal
Found creative tab: forestry
Found creative tab: transportation
Found creative tab: gtaddons
Found creative tab: GregTech.Main
Found creative tab: GalacticraftItems
Found creative tab: GalacticraftBlocks
Found creative tab: Genetics
Found creative tab: IC2
Found creative tab: tabHardcoreEnderExpansion
Found creative tab: hqm
Found creative tab: Nuclear Control 2
Found creative tab: jabba
Found creative tab: magicBees
Found creative tab: MineFactory Reloaded
Found creative tab: natura.plants
Found creative tab: redstone
Found creative tab: natura.nether
Found creative tab: natura.trees
Found creative tab: nodalmechanics.tab
Found creative tab: tabOpenBlocks
Found creative tab: tabOpenPeripheralAddons
Found creative tab: peripheralsplusplus
Found creative tab: Pistronics2
Found creative tab: Random Things
Found creative tab: gcewing_sg:sgcraft
Found creative tab: soul_shards_the_old_ways
Found creative tab: sfm
Found creative tab: TConstructBlocks
Found creative tab: TConstructWeaponry
Found creative tab: TConstructParts
Found creative tab: TConstructTools
Found creative tab: TConstructMaterials
Found creative tab: TConstructEquipables
Found creative tab: tabTGregworks
Found creative tab: TMechworks
Found creative tab: thaumcraft
Found creative tab: thaumicExploration
Found creative tab: thaumichorizons
Found creative tab: ThaumicTinkerer
Found creative tab: brewing
Found creative tab: twilightForest
Found creative tab: undergroundBiomesBlocks
Found creative tab: undergroundBiomesItems
Found creative tab: warptheory.tab
Found creative tab: ztones
Found creative tab: appliedenergistics2
Found creative tab: tabWoodChiselBlocks
Found creative tab: tabStairChiselBlocks
Found creative tab: tabModdedChiselBlocks
Found creative tab: tabStoneChiselBlocks
Found creative tab: tabOtherChiselBlocks
Found creative tab: tabChisel
Found creative tab: tabMetalChiselBlocks
Found creative tab: Extra_Cells
Found creative tab: funkylocomotion
Found creative tab: GregTech.Materials
Found creative tab: GregTech.Ores
Found creative tab: tabHarvestCraft2
Found creative tab: tabHarvestCraft3
Found creative tab: tabHarvestCraft
Found creative tab: powersuits
Found creative tab: RfTools
Found creative tab: RfToolsDimlets
Found creative tab: ThaumicEnergistics
Setting up ForgeMicroblock Library...
Setting up ExtraUtilities Library...
Setting up Applied Energistics 2 Library...
Loading table of contents for module: custom_nei_filters, 1.3, Author: zelfana
Bootstrap setting found. Loading: Bootstrap.js
Loading: Aroma1997Core.js
Loading: BiblioCraft.js
Loading: Botania.js
Loading: CarpentersBlocks.js
hide called. Params: CarpentersBlocks, blockCarpentersBed
Regex match found! CarpentersBlocks:blockCarpentersBed matches CarpentersBlocks:blockCarpentersBed.
Found ItemStack CarpentersBlocks:blockCarpentersBed. 64xtile.blockCarpentersBed@0
hide called. Params: CarpentersBlocks, blockCarpentersDoor
Regex match found! CarpentersBlocks:blockCarpentersDoor matches CarpentersBlocks:blockCarpentersDoor.
Found ItemStack CarpentersBlocks:blockCarpentersDoor. 64xtile.blockCarpentersDoor@0
Loading: chisel.js
hide called. Params: chisel, *slab_top
Regex match found! chisel:*slab_top matches chisel:limestone_slab_top.
Regex match found! chisel:*slab_top matches chisel:marble_pillar_slab_top.
Regex match found! chisel:*slab_top matches chisel:marble_slab_top.
Found ItemStack chisel:limestone_slab_top. 64xtile.null@0
Found ItemStack chisel:marble_pillar_slab_top. 64xtile.null@0
Found ItemStack chisel:marble_slab_top. 64xtile.null@0
Loading: ExtraUtilities.js
override called. Params: ExtraUtilities, drum, 0,1
Regex match found! ExtraUtilities:drum matches ExtraUtilities:drum.
Found ItemStack ExtraUtilities:drum. 64xtile.extrautils:drum@0
getRandomMaterial called. Returned: MineFactoryReloaded:brick_13
obliterate_microblocks called (version in info.inpureprojects.core.NEI.gtfoMicroblocks.ScriptObjects.ExtraUtilitiesObject). Params: 1,2,3, MineFactoryReloaded:brick_13
Loading: FlatSigns.js
Loading: ForgeMicroblock.js
getRandomMaterial called. Returned: MineFactoryReloaded:brick_3
obliterate_microblocks called (version in info.inpureprojects.core.NEI.gtfoMicroblocks.ScriptObjects.ForgeMicroblockObject). Params: 1,2,4,257,258,260,513,514,516,769,770,772, MineFactoryReloaded:brick_3
Loading: Mantle.js
hide called. Params: Mantle, mantleBook
Regex match found! Mantle:mantleBook matches Mantle:mantleBook.
Found ItemStack Mantle:mantleBook. 64xMantle:item.mantle.manual@0
Loading: Natura.js
hide called. Params: Natura, N Crops
Regex match found! Natura:N Crops matches Natura:N Crops.
Found ItemStack Natura:N Crops. 64xtile.natura.crops@0
hide called. Params: Natura, door*
Regex match found! Natura:door* matches Natura:door.bloodwood.
Regex match found! Natura:door* matches Natura:door.eucalyptus.
Regex match found! Natura:door* matches Natura:door.ghostwood.
Regex match found! Natura:door* matches Natura:door.hopseed.
Regex match found! Natura:door* matches Natura:door.redwood.
Regex match found! Natura:door* matches Natura:door.redwoodbark.
Regex match found! Natura:door* matches Natura:door.sakura.
Found ItemStack Natura:door.bloodwood. 64xtile.door.bloodwood@0
Found ItemStack Natura:door.eucalyptus. 64xtile.door.eucalyptus@0
Found ItemStack Natura:door.ghostwood. 64xtile.door.ghostwood@0
Found ItemStack Natura:door.hopseed. 64xtile.door.hopseed@0
Found ItemStack Natura:door.redwood. 64xtile.door.redwood@0
Found ItemStack Natura:door.redwoodbark. 64xtile.door.redwoodbark@0
Found ItemStack Natura:door.sakura. 64xtile.door.sakura@0
Loading: OpenBlocks.js
override called. Params: OpenBlocks, tank, 0
Regex match found! OpenBlocks:tank matches OpenBlocks:tank.
Found ItemStack OpenBlocks:tank. 64xtile.openblocks.tank@0
Loading: TConstruct.js
hide called. Params: TConstruct, HeldItemBlock
Regex match found! TConstruct:HeldItemBlock matches TConstruct:HeldItemBlock.
Found ItemStack TConstruct:HeldItemBlock. 64xtile.Frypan@0
hide called. Params: TConstruct, BattleSignBlock
Regex match found! TConstruct:BattleSignBlock matches TConstruct:BattleSignBlock.
Found ItemStack TConstruct:BattleSignBlock. 64xtile.Battlesign@0
hide called. Params: TConstruct, pickaxe
Regex match found! TConstruct:pickaxe matches TConstruct:pickaxe.
Found ItemStack TConstruct:pickaxe. 1xitem.InfiTool.Pickaxe@0
hide called. Params: TConstruct, shovel
Regex match found! TConstruct:shovel matches TConstruct:shovel.
Found ItemStack TConstruct:shovel. 1xitem.InfiTool.Shovel@0
hide called. Params: TConstruct, hatchet
Regex match found! TConstruct:hatchet matches TConstruct:hatchet.
Found ItemStack TConstruct:hatchet. 1xitem.InfiTool.Axe@0
hide called. Params: TConstruct, broadsword
Regex match found! TConstruct:broadsword matches TConstruct:broadsword.
Found ItemStack TConstruct:broadsword. 1xitem.InfiTool.Broadsword@0
hide called. Params: TConstruct, longsword
Regex match found! TConstruct:longsword matches TConstruct:longsword.
Found ItemStack TConstruct:longsword. 1xitem.InfiTool.Longsword@0
hide called. Params: TConstruct, rapier
Regex match found! TConstruct:rapier matches TConstruct:rapier.
Found ItemStack TConstruct:rapier. 1xitem.InfiTool.Rapier@0
hide called. Params: TConstruct, dagger
Regex match found! TConstruct:dagger matches TConstruct:dagger.
Found ItemStack TConstruct:dagger. 1xitem.InfiTool.Dagger@0
hide called. Params: TConstruct, cutlass
Regex match found! TConstruct:cutlass matches TConstruct:cutlass.
Found ItemStack TConstruct:cutlass. 1xitem.InfiTool.Cutlass@0
hide called. Params: TConstruct, frypan
Regex match found! TConstruct:frypan matches TConstruct:frypan.
Found ItemStack TConstruct:frypan. 1xitem.InfiTool.FryPan@0
hide called. Params: TConstruct, battlesign
Regex match found! TConstruct:battlesign matches TConstruct:battlesign.
Found ItemStack TConstruct:battlesign. 1xitem.InfiTool.Battlesign@0
hide called. Params: TConstruct, mattock
Regex match found! TConstruct:mattock matches TConstruct:mattock.
Found ItemStack TConstruct:mattock. 1xitem.InfiTool.Mattock@0
hide called. Params: TConstruct, chisel
Regex match found! TConstruct:chisel matches TConstruct:chisel.
Found ItemStack TConstruct:chisel. 1xitem.InfiTool.Chisel@0
hide called. Params: TConstruct, lumberaxe
Regex match found! TConstruct:lumberaxe matches TConstruct:lumberaxe.
Found ItemStack TConstruct:lumberaxe. 1xitem.InfiTool.LumberAxe@0
hide called. Params: TConstruct, cleaver
Regex match found! TConstruct:cleaver matches TConstruct:cleaver.
Found ItemStack TConstruct:cleaver. 1xitem.InfiTool.Cleaver@0
hide called. Params: TConstruct, scythe
Regex match found! TConstruct:scythe matches TConstruct:scythe.
Found ItemStack TConstruct:scythe. 1xitem.InfiTool.Scythe@0
hide called. Params: TConstruct, excavator
Regex match found! TConstruct:excavator matches TConstruct:excavator.
Found ItemStack TConstruct:excavator. 1xitem.InfiTool.Excavator@0
hide called. Params: TConstruct, hammer
Regex match found! TConstruct:hammer matches TConstruct:hammer.
Found ItemStack TConstruct:hammer. 1xitem.InfiTool.Hammer@0
hide called. Params: TConstruct, battleaxe
Regex match found! TConstruct:battleaxe matches TConstruct:battleaxe.
Found ItemStack TConstruct:battleaxe. 1xitem.InfiTool.Battleaxe@0
hide called. Params: TConstruct, Shuriken
Regex match found! TConstruct:Shuriken matches TConstruct:Shuriken.
Found ItemStack TConstruct:Shuriken. 1xitem.InfiTool@0
hide called. Params: TConstruct, ThrowingKnife
Regex match found! TConstruct:ThrowingKnife matches TConstruct:ThrowingKnife.
Found ItemStack TConstruct:ThrowingKnife. 1xitem.InfiTool@0
hide called. Params: TConstruct, Javelin
Regex match found! TConstruct:Javelin matches TConstruct:Javelin.
Found ItemStack TConstruct:Javelin. 1xitem.InfiTool@0
hide called. Params: TConstruct, ShortBow
Regex match found! TConstruct:ShortBow matches TConstruct:ShortBow.
Found ItemStack TConstruct:ShortBow. 1xitem.InfiTool@0
hide called. Params: TConstruct, LongBow
Regex match found! TConstruct:LongBow matches TConstruct:LongBow.
Found ItemStack TConstruct:LongBow. 1xitem.InfiTool@0
hide called. Params: TConstruct, Crossbow
Regex match found! TConstruct:Crossbow matches TConstruct:Crossbow.
Found ItemStack TConstruct:Crossbow. 1xitem.InfiTool@0
hide called. Params: TConstruct, ArrowAmmo
Regex match found! TConstruct:ArrowAmmo matches TConstruct:ArrowAmmo.
Found ItemStack TConstruct:ArrowAmmo. 1xitem.InfiTool@0
hide called. Params: TConstruct, BoltAmmo
Regex match found! TConstruct:BoltAmmo matches TConstruct:BoltAmmo.
Found ItemStack TConstruct:BoltAmmo. 1xitem.InfiTool@0
hide called. Params: TConstruct, Boneana
Regex match found! TConstruct:Boneana matches TConstruct:Boneana.
Found ItemStack TConstruct:Boneana. 1xitem.InfiTool.Broadsword@0
override called. Params: TConstruct, creativeModifier, 0
Regex match found! TConstruct:creativeModifier matches TConstruct:creativeModifier.
Found ItemStack TConstruct:creativeModifier. 64xitem.tconstruct.modifier.creative@0
Loading: ThermalExpansion.js
Loading: TwilightForest.js
hide called. Params: TwilightForest, tile.TFBossSpawner
Regex match found! TwilightForest:tile.TFBossSpawner matches TwilightForest:tile.TFBossSpawner.
Found ItemStack TwilightForest:tile.TFBossSpawner. 64xtile.TFBossSpawner@0
hide called. Params: TwilightForest, tile.TFTrophy
Regex match found! TwilightForest:tile.TFTrophy matches TwilightForest:tile.TFTrophy.
Found ItemStack TwilightForest:tile.TFTrophy. 64xtile.TFTrophy@0
hide called. Params: TwilightForest, *DoubleSlab
Regex match found! TwilightForest:*DoubleSlab matches TwilightForest:tile.AuroraDoubleSlab.
Found ItemStack TwilightForest:tile.AuroraDoubleSlab. 64xtile.AuroraDoubleSlab@0
Loading: vanilla.js
hide called. Params: minecraft, water
Regex match found! minecraft:water matches minecraft:water.
Found ItemStack minecraft:water. 64xtile.water@0
hide called. Params: minecraft, lava
Regex match found! minecraft:lava matches minecraft:lava.
Found ItemStack minecraft:lava. 64xtile.lava@0
hide called. Params: minecraft, mob_spawner
Regex match found! minecraft:mob_spawner matches minecraft:mob_spawner.
Found ItemStack minecraft:mob_spawner. 64xtile.mobSpawner@0
